2026-01-31 11:50:10,149 - sqlalchemy.engine.Engine - INFO - select pg_catalog.version()
2026-01-31 11:50:10,162 - sqlalchemy.engine.Engine - INFO - [raw sql] {}
2026-01-31 11:50:10,579 - sqlalchemy.engine.Engine - INFO - select current_schema()
2026-01-31 11:50:10,580 - sqlalchemy.engine.Engine - INFO - [raw sql] {}
2026-01-31 11:50:10,996 - sqlalchemy.engine.Engine - INFO - show standard_conforming_strings
2026-01-31 11:50:10,997 - sqlalchemy.engine.Engine - INFO - [raw sql] {}
2026-01-31 11:50:11,411 - sqlalchemy.engine.Engine - INFO - BEGIN (implicit)
2026-01-31 11:50:11,435 - sqlalchemy.engine.Engine - INFO - SELECT pg_catalog.pg_class.relname 
FROM pg_catalog.pg_class JOIN pg_catalog.pg_namespace ON pg_catalog.pg_namespace.oid = pg_catalog.pg_class.relnamespace 
WHERE pg_catalog.pg_class.relname = %(table_name)s AND pg_catalog.pg_class.relkind = ANY (ARRAY[%(param_1)s, %(param_2)s, %(param_3)s, %(param_4)s, %(param_5)s]) AND pg_catalog.pg_table_is_visible(pg_catalog.pg_class.oid) AND pg_catalog.pg_namespace.nspname != %(nspname_1)s
2026-01-31 11:50:11,442 - sqlalchemy.engine.Engine - INFO - [generated in 0.00692s] {'table_name': 'todos', 'param_1': 'r', 'param_2': 'p', 'param_3': 'f', 'param_4': 'v', 'param_5': 'm', 'nspname_1': 'pg_catalog'}
2026-01-31 11:50:11,874 - sqlalchemy.engine.Engine - INFO - COMMIT
2026-01-31 12:49:43,858 - sqlalchemy.engine.Engine - INFO - select pg_catalog.version()
2026-01-31 12:49:43,859 - sqlalchemy.engine.Engine - INFO - [raw sql] {}
2026-01-31 12:49:44,290 - sqlalchemy.engine.Engine - INFO - select current_schema()
2026-01-31 12:49:44,291 - sqlalchemy.engine.Engine - INFO - [raw sql] {}
2026-01-31 12:49:44,720 - sqlalchemy.engine.Engine - INFO - show standard_conforming_strings
2026-01-31 12:49:44,721 - sqlalchemy.engine.Engine - INFO - [raw sql] {}
2026-01-31 12:49:45,149 - sqlalchemy.engine.Engine - INFO - BEGIN (implicit)
2026-01-31 12:49:45,159 - sqlalchemy.engine.Engine - INFO - SELECT pg_catalog.pg_class.relname 
FROM pg_catalog.pg_class JOIN pg_catalog.pg_namespace ON pg_catalog.pg_namespace.oid = pg_catalog.pg_class.relnamespace 
WHERE pg_catalog.pg_class.relname = %(table_name)s AND pg_catalog.pg_class.relkind = ANY (ARRAY[%(param_1)s, %(param_2)s, %(param_3)s, %(param_4)s, %(param_5)s]) AND pg_catalog.pg_table_is_visible(pg_catalog.pg_class.oid) AND pg_catalog.pg_namespace.nspname != %(nspname_1)s
2026-01-31 12:49:45,163 - sqlalchemy.engine.Engine - INFO - [generated in 0.00383s] {'table_name': 'todos', 'param_1': 'r', 'param_2': 'p', 'param_3': 'f', 'param_4': 'v', 'param_5': 'm', 'nspname_1': 'pg_catalog'}
2026-01-31 12:49:45,600 - sqlalchemy.engine.Engine - INFO - SELECT pg_catalog.pg_class.relname 
FROM pg_catalog.pg_class JOIN pg_catalog.pg_namespace ON pg_catalog.pg_namespace.oid = pg_catalog.pg_class.relnamespace 
WHERE pg_catalog.pg_class.relname = %(table_name)s AND pg_catalog.pg_class.relkind = ANY (ARRAY[%(param_1)s, %(param_2)s, %(param_3)s, %(param_4)s, %(param_5)s]) AND pg_catalog.pg_table_is_visible(pg_catalog.pg_class.oid) AND pg_catalog.pg_namespace.nspname != %(nspname_1)s
2026-01-31 12:49:45,602 - sqlalchemy.engine.Engine - INFO - [cached since 0.4429s ago] {'table_name': 'users', 'param_1': 'r', 'param_2': 'p', 'param_3': 'f', 'param_4': 'v', 'param_5': 'm', 'nspname_1': 'pg_catalog'}
2026-01-31 12:49:45,816 - sqlalchemy.engine.Engine - INFO - COMMIT
2026-01-31 13:01:05,962 - sqlalchemy.engine.Engine - INFO - BEGIN (implicit)
2026-01-31 13:01:05,973 - sqlalchemy.engine.Engine - INFO - SELECT users.email, users.name, users.id, users.hashed_password, users.created_at, users.updated_at 
FROM users 
WHERE users.email = %(email_1)s
2026-01-31 13:01:05,975 - sqlalchemy.engine.Engine - INFO - [generated in 0.00209s] {'email_1': 'e2etest@example.com'}
2026-01-31 13:01:06,426 - api.auth - ERROR - Error during login: (psycopg2.errors.UndefinedColumn) column users.hashed_password does not exist
LINE 1: SELECT users.email, users.name, users.id, users.hashed_passw...
                                                  ^

[SQL: SELECT users.email, users.name, users.id, users.hashed_password, users.created_at, users.updated_at 
FROM users 
WHERE users.email = %(email_1)s]
[parameters: {'email_1': 'e2etest@example.com'}]
(Background on this error at: https://sqlalche.me/e/20/f405)
2026-01-31 13:01:06,430 - sqlalchemy.engine.Engine - INFO - ROLLBACK
2026-01-31 13:01:39,402 - sqlalchemy.engine.Engine - INFO - BEGIN (implicit)
2026-01-31 13:01:39,405 - sqlalchemy.engine.Engine - INFO - SELECT users.email, users.name, users.id, users.hashed_password, users.created_at, users.updated_at 
FROM users 
WHERE users.email = %(email_1)s
2026-01-31 13:01:39,407 - sqlalchemy.engine.Engine - INFO - [cached since 33.43s ago] {'email_1': 'codewithsuleman@gmail.com'}
2026-01-31 13:01:39,835 - api.auth - ERROR - Error creating user: (psycopg2.errors.UndefinedColumn) column users.hashed_password does not exist
LINE 1: SELECT users.email, users.name, users.id, users.hashed_passw...
                                                  ^

[SQL: SELECT users.email, users.name, users.id, users.hashed_password, users.created_at, users.updated_at 
FROM users 
WHERE users.email = %(email_1)s]
[parameters: {'email_1': 'codewithsuleman@gmail.com'}]
(Background on this error at: https://sqlalche.me/e/20/f405)
2026-01-31 13:01:39,837 - sqlalchemy.engine.Engine - INFO - ROLLBACK
2026-01-31 13:12:28,928 - sqlalchemy.engine.Engine - INFO - select pg_catalog.version()
2026-01-31 13:12:28,929 - sqlalchemy.engine.Engine - INFO - [raw sql] {}
2026-01-31 13:12:29,360 - sqlalchemy.engine.Engine - INFO - select current_schema()
2026-01-31 13:12:29,361 - sqlalchemy.engine.Engine - INFO - [raw sql] {}
2026-01-31 13:12:29,788 - sqlalchemy.engine.Engine - INFO - show standard_conforming_strings
2026-01-31 13:12:29,789 - sqlalchemy.engine.Engine - INFO - [raw sql] {}
2026-01-31 13:12:30,215 - sqlalchemy.engine.Engine - INFO - BEGIN (implicit)
2026-01-31 13:12:30,226 - sqlalchemy.engine.Engine - INFO - SELECT pg_catalog.pg_class.relname 
FROM pg_catalog.pg_class JOIN pg_catalog.pg_namespace ON pg_catalog.pg_namespace.oid = pg_catalog.pg_class.relnamespace 
WHERE pg_catalog.pg_class.relname = %(table_name)s AND pg_catalog.pg_class.relkind = ANY (ARRAY[%(param_1)s, %(param_2)s, %(param_3)s, %(param_4)s, %(param_5)s]) AND pg_catalog.pg_table_is_visible(pg_catalog.pg_class.oid) AND pg_catalog.pg_namespace.nspname != %(nspname_1)s
2026-01-31 13:12:30,229 - sqlalchemy.engine.Engine - INFO - [generated in 0.00368s] {'table_name': 'todos', 'param_1': 'r', 'param_2': 'p', 'param_3': 'f', 'param_4': 'v', 'param_5': 'm', 'nspname_1': 'pg_catalog'}
2026-01-31 13:12:30,660 - sqlalchemy.engine.Engine - INFO - SELECT pg_catalog.pg_class.relname 
FROM pg_catalog.pg_class JOIN pg_catalog.pg_namespace ON pg_catalog.pg_namespace.oid = pg_catalog.pg_class.relnamespace 
WHERE pg_catalog.pg_class.relname = %(table_name)s AND pg_catalog.pg_class.relkind = ANY (ARRAY[%(param_1)s, %(param_2)s, %(param_3)s, %(param_4)s, %(param_5)s]) AND pg_catalog.pg_table_is_visible(pg_catalog.pg_class.oid) AND pg_catalog.pg_namespace.nspname != %(nspname_1)s
2026-01-31 13:12:30,662 - sqlalchemy.engine.Engine - INFO - [cached since 0.4367s ago] {'table_name': 'users', 'param_1': 'r', 'param_2': 'p', 'param_3': 'f', 'param_4': 'v', 'param_5': 'm', 'nspname_1': 'pg_catalog'}
2026-01-31 13:12:30,877 - sqlalchemy.engine.Engine - INFO - COMMIT
2026-01-31 13:21:44,664 - sqlalchemy.engine.Engine - INFO - select pg_catalog.version()
2026-01-31 13:21:44,666 - sqlalchemy.engine.Engine - INFO - [raw sql] {}
2026-01-31 13:21:45,082 - sqlalchemy.engine.Engine - INFO - select current_schema()
2026-01-31 13:21:45,083 - sqlalchemy.engine.Engine - INFO - [raw sql] {}
2026-01-31 13:21:45,498 - sqlalchemy.engine.Engine - INFO - show standard_conforming_strings
2026-01-31 13:21:45,500 - sqlalchemy.engine.Engine - INFO - [raw sql] {}
2026-01-31 13:21:45,913 - sqlalchemy.engine.Engine - INFO - BEGIN (implicit)
2026-01-31 13:21:45,918 - sqlalchemy.engine.Engine - INFO - SELECT pg_catalog.pg_class.relname 
FROM pg_catalog.pg_class JOIN pg_catalog.pg_namespace ON pg_catalog.pg_namespace.oid = pg_catalog.pg_class.relnamespace 
WHERE pg_catalog.pg_class.relname = %(table_name)s AND pg_catalog.pg_class.relkind = ANY (ARRAY[%(param_1)s, %(param_2)s, %(param_3)s, %(param_4)s, %(param_5)s]) AND pg_catalog.pg_table_is_visible(pg_catalog.pg_class.oid) AND pg_catalog.pg_namespace.nspname != %(nspname_1)s
2026-01-31 13:21:45,919 - sqlalchemy.engine.Engine - INFO - [generated in 0.00150s] {'table_name': 'todos', 'param_1': 'r', 'param_2': 'p', 'param_3': 'f', 'param_4': 'v', 'param_5': 'm', 'nspname_1': 'pg_catalog'}
2026-01-31 13:21:46,342 - sqlalchemy.engine.Engine - INFO - SELECT pg_catalog.pg_class.relname 
FROM pg_catalog.pg_class JOIN pg_catalog.pg_namespace ON pg_catalog.pg_namespace.oid = pg_catalog.pg_class.relnamespace 
WHERE pg_catalog.pg_class.relname = %(table_name)s AND pg_catalog.pg_class.relkind = ANY (ARRAY[%(param_1)s, %(param_2)s, %(param_3)s, %(param_4)s, %(param_5)s]) AND pg_catalog.pg_table_is_visible(pg_catalog.pg_class.oid) AND pg_catalog.pg_namespace.nspname != %(nspname_1)s
2026-01-31 13:21:46,344 - sqlalchemy.engine.Engine - INFO - [cached since 0.4267s ago] {'table_name': 'users', 'param_1': 'r', 'param_2': 'p', 'param_3': 'f', 'param_4': 'v', 'param_5': 'm', 'nspname_1': 'pg_catalog'}
2026-01-31 13:21:46,553 - sqlalchemy.engine.Engine - INFO - COMMIT
2026-01-31 17:26:10,314 - sqlalchemy.engine.Engine - INFO - select pg_catalog.version()
2026-01-31 17:26:10,315 - sqlalchemy.engine.Engine - INFO - [raw sql] {}
2026-01-31 17:26:10,728 - sqlalchemy.engine.Engine - INFO - select current_schema()
2026-01-31 17:26:10,728 - sqlalchemy.engine.Engine - INFO - [raw sql] {}
2026-01-31 17:26:11,139 - sqlalchemy.engine.Engine - INFO - show standard_conforming_strings
2026-01-31 17:26:11,139 - sqlalchemy.engine.Engine - INFO - [raw sql] {}
2026-01-31 17:26:11,549 - sqlalchemy.engine.Engine - INFO - BEGIN (implicit)
2026-01-31 17:26:11,553 - sqlalchemy.engine.Engine - INFO - SELECT pg_catalog.pg_class.relname 
FROM pg_catalog.pg_class JOIN pg_catalog.pg_namespace ON pg_catalog.pg_namespace.oid = pg_catalog.pg_class.relnamespace 
WHERE pg_catalog.pg_class.relname = %(table_name)s AND pg_catalog.pg_class.relkind = ANY (ARRAY[%(param_1)s, %(param_2)s, %(param_3)s, %(param_4)s, %(param_5)s]) AND pg_catalog.pg_table_is_visible(pg_catalog.pg_class.oid) AND pg_catalog.pg_namespace.nspname != %(nspname_1)s
2026-01-31 17:26:11,554 - sqlalchemy.engine.Engine - INFO - [generated in 0.00041s] {'table_name': 'todos', 'param_1': 'r', 'param_2': 'p', 'param_3': 'f', 'param_4': 'v', 'param_5': 'm', 'nspname_1': 'pg_catalog'}
2026-01-31 17:26:11,993 - sqlalchemy.engine.Engine - INFO - SELECT pg_catalog.pg_class.relname 
FROM pg_catalog.pg_class JOIN pg_catalog.pg_namespace ON pg_catalog.pg_namespace.oid = pg_catalog.pg_class.relnamespace 
WHERE pg_catalog.pg_class.relname = %(table_name)s AND pg_catalog.pg_class.relkind = ANY (ARRAY[%(param_1)s, %(param_2)s, %(param_3)s, %(param_4)s, %(param_5)s]) AND pg_catalog.pg_table_is_visible(pg_catalog.pg_class.oid) AND pg_catalog.pg_namespace.nspname != %(nspname_1)s
2026-01-31 17:26:11,994 - sqlalchemy.engine.Engine - INFO - [cached since 0.4402s ago] {'table_name': 'users', 'param_1': 'r', 'param_2': 'p', 'param_3': 'f', 'param_4': 'v', 'param_5': 'm', 'nspname_1': 'pg_catalog'}
2026-01-31 17:26:12,198 - sqlalchemy.engine.Engine - INFO - COMMIT
2026-01-31 17:35:48,096 - sqlalchemy.engine.Engine - INFO - select pg_catalog.version()
2026-01-31 17:35:48,097 - sqlalchemy.engine.Engine - INFO - [raw sql] {}
2026-01-31 17:35:48,525 - sqlalchemy.engine.Engine - INFO - select current_schema()
2026-01-31 17:35:48,526 - sqlalchemy.engine.Engine - INFO - [raw sql] {}
2026-01-31 17:35:48,953 - sqlalchemy.engine.Engine - INFO - show standard_conforming_strings
2026-01-31 17:35:48,954 - sqlalchemy.engine.Engine - INFO - [raw sql] {}
2026-01-31 17:35:49,379 - sqlalchemy.engine.Engine - INFO - BEGIN (implicit)
2026-01-31 17:35:49,390 - sqlalchemy.engine.Engine - INFO - SELECT pg_catalog.pg_class.relname 
FROM pg_catalog.pg_class JOIN pg_catalog.pg_namespace ON pg_catalog.pg_namespace.oid = pg_catalog.pg_class.relnamespace 
WHERE pg_catalog.pg_class.relname = %(table_name)s AND pg_catalog.pg_class.relkind = ANY (ARRAY[%(param_1)s, %(param_2)s, %(param_3)s, %(param_4)s, %(param_5)s]) AND pg_catalog.pg_table_is_visible(pg_catalog.pg_class.oid) AND pg_catalog.pg_namespace.nspname != %(nspname_1)s
2026-01-31 17:35:49,390 - sqlalchemy.engine.Engine - INFO - [generated in 0.00095s] {'table_name': 'todos', 'param_1': 'r', 'param_2': 'p', 'param_3': 'f', 'param_4': 'v', 'param_5': 'm', 'nspname_1': 'pg_catalog'}
2026-01-31 17:35:49,832 - sqlalchemy.engine.Engine - INFO - SELECT pg_catalog.pg_class.relname 
FROM pg_catalog.pg_class JOIN pg_catalog.pg_namespace ON pg_catalog.pg_namespace.oid = pg_catalog.pg_class.relnamespace 
WHERE pg_catalog.pg_class.relname = %(table_name)s AND pg_catalog.pg_class.relkind = ANY (ARRAY[%(param_1)s, %(param_2)s, %(param_3)s, %(param_4)s, %(param_5)s]) AND pg_catalog.pg_table_is_visible(pg_catalog.pg_class.oid) AND pg_catalog.pg_namespace.nspname != %(nspname_1)s
2026-01-31 17:35:49,833 - sqlalchemy.engine.Engine - INFO - [cached since 0.4432s ago] {'table_name': 'users', 'param_1': 'r', 'param_2': 'p', 'param_3': 'f', 'param_4': 'v', 'param_5': 'm', 'nspname_1': 'pg_catalog'}
2026-01-31 17:35:50,046 - sqlalchemy.engine.Engine - INFO - COMMIT
2026-01-31 17:39:49,162 - sqlalchemy.engine.Engine - INFO - select pg_catalog.version()
2026-01-31 17:39:49,162 - sqlalchemy.engine.Engine - INFO - [raw sql] {}
2026-01-31 17:39:49,588 - sqlalchemy.engine.Engine - INFO - select current_schema()
2026-01-31 17:39:49,589 - sqlalchemy.engine.Engine - INFO - [raw sql] {}
2026-01-31 17:39:50,014 - sqlalchemy.engine.Engine - INFO - show standard_conforming_strings
2026-01-31 17:39:50,014 - sqlalchemy.engine.Engine - INFO - [raw sql] {}
2026-01-31 17:39:50,443 - sqlalchemy.engine.Engine - INFO - BEGIN (implicit)
2026-01-31 17:39:50,447 - sqlalchemy.engine.Engine - INFO - SELECT pg_catalog.pg_class.relname 
FROM pg_catalog.pg_class JOIN pg_catalog.pg_namespace ON pg_catalog.pg_namespace.oid = pg_catalog.pg_class.relnamespace 
WHERE pg_catalog.pg_class.relname = %(table_name)s AND pg_catalog.pg_class.relkind = ANY (ARRAY[%(param_1)s, %(param_2)s, %(param_3)s, %(param_4)s, %(param_5)s]) AND pg_catalog.pg_table_is_visible(pg_catalog.pg_class.oid) AND pg_catalog.pg_namespace.nspname != %(nspname_1)s
2026-01-31 17:39:50,448 - sqlalchemy.engine.Engine - INFO - [generated in 0.00041s] {'table_name': 'todos', 'param_1': 'r', 'param_2': 'p', 'param_3': 'f', 'param_4': 'v', 'param_5': 'm', 'nspname_1': 'pg_catalog'}
2026-01-31 17:39:50,873 - sqlalchemy.engine.Engine - INFO - SELECT pg_catalog.pg_class.relname 
FROM pg_catalog.pg_class JOIN pg_catalog.pg_namespace ON pg_catalog.pg_namespace.oid = pg_catalog.pg_class.relnamespace 
WHERE pg_catalog.pg_class.relname = %(table_name)s AND pg_catalog.pg_class.relkind = ANY (ARRAY[%(param_1)s, %(param_2)s, %(param_3)s, %(param_4)s, %(param_5)s]) AND pg_catalog.pg_table_is_visible(pg_catalog.pg_class.oid) AND pg_catalog.pg_namespace.nspname != %(nspname_1)s
2026-01-31 17:39:50,874 - sqlalchemy.engine.Engine - INFO - [cached since 0.4265s ago] {'table_name': 'users', 'param_1': 'r', 'param_2': 'p', 'param_3': 'f', 'param_4': 'v', 'param_5': 'm', 'nspname_1': 'pg_catalog'}
2026-01-31 17:39:51,087 - sqlalchemy.engine.Engine - INFO - COMMIT
2026-01-31 17:40:05,150 - sqlalchemy.engine.Engine - INFO - select pg_catalog.version()
2026-01-31 17:40:05,150 - sqlalchemy.engine.Engine - INFO - [raw sql] {}
2026-01-31 17:40:05,577 - sqlalchemy.engine.Engine - INFO - select current_schema()
2026-01-31 17:40:05,577 - sqlalchemy.engine.Engine - INFO - [raw sql] {}
2026-01-31 17:40:06,003 - sqlalchemy.engine.Engine - INFO - show standard_conforming_strings
2026-01-31 17:40:06,003 - sqlalchemy.engine.Engine - INFO - [raw sql] {}
2026-01-31 17:40:06,431 - sqlalchemy.engine.Engine - INFO - BEGIN (implicit)
2026-01-31 17:40:06,440 - sqlalchemy.engine.Engine - INFO - SELECT pg_catalog.pg_class.relname 
FROM pg_catalog.pg_class JOIN pg_catalog.pg_namespace ON pg_catalog.pg_namespace.oid = pg_catalog.pg_class.relnamespace 
WHERE pg_catalog.pg_class.relname = %(table_name)s AND pg_catalog.pg_class.relkind = ANY (ARRAY[%(param_1)s, %(param_2)s, %(param_3)s, %(param_4)s, %(param_5)s]) AND pg_catalog.pg_table_is_visible(pg_catalog.pg_class.oid) AND pg_catalog.pg_namespace.nspname != %(nspname_1)s
2026-01-31 17:40:06,440 - sqlalchemy.engine.Engine - INFO - [generated in 0.00051s] {'table_name': 'todos', 'param_1': 'r', 'param_2': 'p', 'param_3': 'f', 'param_4': 'v', 'param_5': 'm', 'nspname_1': 'pg_catalog'}
2026-01-31 17:40:06,866 - sqlalchemy.engine.Engine - INFO - SELECT pg_catalog.pg_class.relname 
FROM pg_catalog.pg_class JOIN pg_catalog.pg_namespace ON pg_catalog.pg_namespace.oid = pg_catalog.pg_class.relnamespace 
WHERE pg_catalog.pg_class.relname = %(table_name)s AND pg_catalog.pg_class.relkind = ANY (ARRAY[%(param_1)s, %(param_2)s, %(param_3)s, %(param_4)s, %(param_5)s]) AND pg_catalog.pg_table_is_visible(pg_catalog.pg_class.oid) AND pg_catalog.pg_namespace.nspname != %(nspname_1)s
2026-01-31 17:40:06,866 - sqlalchemy.engine.Engine - INFO - [cached since 0.4263s ago] {'table_name': 'users', 'param_1': 'r', 'param_2': 'p', 'param_3': 'f', 'param_4': 'v', 'param_5': 'm', 'nspname_1': 'pg_catalog'}
2026-01-31 17:40:07,080 - sqlalchemy.engine.Engine - INFO - COMMIT
2026-01-31 17:43:56,030 - sqlalchemy.engine.Engine - INFO - select pg_catalog.version()
2026-01-31 17:43:56,031 - sqlalchemy.engine.Engine - INFO - [raw sql] {}
2026-01-31 17:43:56,442 - sqlalchemy.engine.Engine - INFO - select current_schema()
2026-01-31 17:43:56,443 - sqlalchemy.engine.Engine - INFO - [raw sql] {}
2026-01-31 17:44:42,766 - sqlalchemy.engine.Engine - INFO - select pg_catalog.version()
2026-01-31 17:44:42,767 - sqlalchemy.engine.Engine - INFO - [raw sql] {}
2026-01-31 17:44:43,179 - sqlalchemy.engine.Engine - INFO - select current_schema()
2026-01-31 17:44:43,180 - sqlalchemy.engine.Engine - INFO - [raw sql] {}
2026-01-31 17:44:43,589 - sqlalchemy.engine.Engine - INFO - show standard_conforming_strings
2026-01-31 17:44:43,590 - sqlalchemy.engine.Engine - INFO - [raw sql] {}
2026-01-31 17:44:43,998 - sqlalchemy.engine.Engine - INFO - BEGIN (implicit)
2026-01-31 17:44:44,003 - sqlalchemy.engine.Engine - INFO - SELECT pg_catalog.pg_class.relname 
FROM pg_catalog.pg_class JOIN pg_catalog.pg_namespace ON pg_catalog.pg_namespace.oid = pg_catalog.pg_class.relnamespace 
WHERE pg_catalog.pg_class.relname = %(table_name)s AND pg_catalog.pg_class.relkind = ANY (ARRAY[%(param_1)s, %(param_2)s, %(param_3)s, %(param_4)s, %(param_5)s]) AND pg_catalog.pg_table_is_visible(pg_catalog.pg_class.oid) AND pg_catalog.pg_namespace.nspname != %(nspname_1)s
2026-01-31 17:44:44,003 - sqlalchemy.engine.Engine - INFO - [generated in 0.00037s] {'table_name': 'todos', 'param_1': 'r', 'param_2': 'p', 'param_3': 'f', 'param_4': 'v', 'param_5': 'm', 'nspname_1': 'pg_catalog'}
2026-01-31 17:44:44,413 - sqlalchemy.engine.Engine - INFO - SELECT pg_catalog.pg_class.relname 
FROM pg_catalog.pg_class JOIN pg_catalog.pg_namespace ON pg_catalog.pg_namespace.oid = pg_catalog.pg_class.relnamespace 
WHERE pg_catalog.pg_class.relname = %(table_name)s AND pg_catalog.pg_class.relkind = ANY (ARRAY[%(param_1)s, %(param_2)s, %(param_3)s, %(param_4)s, %(param_5)s]) AND pg_catalog.pg_table_is_visible(pg_catalog.pg_class.oid) AND pg_catalog.pg_namespace.nspname != %(nspname_1)s
2026-01-31 17:44:44,413 - sqlalchemy.engine.Engine - INFO - [cached since 0.4104s ago] {'table_name': 'users', 'param_1': 'r', 'param_2': 'p', 'param_3': 'f', 'param_4': 'v', 'param_5': 'm', 'nspname_1': 'pg_catalog'}
2026-01-31 17:44:44,618 - sqlalchemy.engine.Engine - INFO - COMMIT
2026-01-31 18:08:19,174 - sqlalchemy.engine.Engine - INFO - select pg_catalog.version()
2026-01-31 18:08:19,175 - sqlalchemy.engine.Engine - INFO - [raw sql] {}
2026-01-31 18:08:19,605 - sqlalchemy.engine.Engine - INFO - select current_schema()
2026-01-31 18:08:19,606 - sqlalchemy.engine.Engine - INFO - [raw sql] {}
2026-01-31 18:08:20,034 - sqlalchemy.engine.Engine - INFO - show standard_conforming_strings
2026-01-31 18:08:20,035 - sqlalchemy.engine.Engine - INFO - [raw sql] {}
2026-01-31 18:08:20,461 - sqlalchemy.engine.Engine - INFO - BEGIN (implicit)
2026-01-31 18:08:20,471 - sqlalchemy.engine.Engine - INFO - SELECT pg_catalog.pg_class.relname 
FROM pg_catalog.pg_class JOIN pg_catalog.pg_namespace ON pg_catalog.pg_namespace.oid = pg_catalog.pg_class.relnamespace 
WHERE pg_catalog.pg_class.relname = %(table_name)s AND pg_catalog.pg_class.relkind = ANY (ARRAY[%(param_1)s, %(param_2)s, %(param_3)s, %(param_4)s, %(param_5)s]) AND pg_catalog.pg_table_is_visible(pg_catalog.pg_class.oid) AND pg_catalog.pg_namespace.nspname != %(nspname_1)s
2026-01-31 18:08:20,471 - sqlalchemy.engine.Engine - INFO - [generated in 0.00084s] {'table_name': 'todos', 'param_1': 'r', 'param_2': 'p', 'param_3': 'f', 'param_4': 'v', 'param_5': 'm', 'nspname_1': 'pg_catalog'}
2026-01-31 18:08:20,915 - sqlalchemy.engine.Engine - INFO - SELECT pg_catalog.pg_class.relname 
FROM pg_catalog.pg_class JOIN pg_catalog.pg_namespace ON pg_catalog.pg_namespace.oid = pg_catalog.pg_class.relnamespace 
WHERE pg_catalog.pg_class.relname = %(table_name)s AND pg_catalog.pg_class.relkind = ANY (ARRAY[%(param_1)s, %(param_2)s, %(param_3)s, %(param_4)s, %(param_5)s]) AND pg_catalog.pg_table_is_visible(pg_catalog.pg_class.oid) AND pg_catalog.pg_namespace.nspname != %(nspname_1)s
2026-01-31 18:08:20,915 - sqlalchemy.engine.Engine - INFO - [cached since 0.4449s ago] {'table_name': 'users', 'param_1': 'r', 'param_2': 'p', 'param_3': 'f', 'param_4': 'v', 'param_5': 'm', 'nspname_1': 'pg_catalog'}
2026-01-31 18:08:21,128 - sqlalchemy.engine.Engine - INFO - COMMIT
2026-01-31 18:11:00,840 - sqlalchemy.engine.Engine - INFO - select pg_catalog.version()
2026-01-31 18:11:00,841 - sqlalchemy.engine.Engine - INFO - [raw sql] {}
2026-01-31 18:11:01,268 - sqlalchemy.engine.Engine - INFO - select current_schema()
2026-01-31 18:11:01,268 - sqlalchemy.engine.Engine - INFO - [raw sql] {}
2026-01-31 18:11:01,695 - sqlalchemy.engine.Engine - INFO - show standard_conforming_strings
2026-01-31 18:11:01,695 - sqlalchemy.engine.Engine - INFO - [raw sql] {}
2026-01-31 18:11:02,122 - sqlalchemy.engine.Engine - INFO - BEGIN (implicit)
2026-01-31 18:11:02,127 - sqlalchemy.engine.Engine - INFO - SELECT pg_catalog.pg_class.relname 
FROM pg_catalog.pg_class JOIN pg_catalog.pg_namespace ON pg_catalog.pg_namespace.oid = pg_catalog.pg_class.relnamespace 
WHERE pg_catalog.pg_class.relname = %(table_name)s AND pg_catalog.pg_class.relkind = ANY (ARRAY[%(param_1)s, %(param_2)s, %(param_3)s, %(param_4)s, %(param_5)s]) AND pg_catalog.pg_table_is_visible(pg_catalog.pg_class.oid) AND pg_catalog.pg_namespace.nspname != %(nspname_1)s
2026-01-31 18:11:02,127 - sqlalchemy.engine.Engine - INFO - [generated in 0.00037s] {'table_name': 'todos', 'param_1': 'r', 'param_2': 'p', 'param_3': 'f', 'param_4': 'v', 'param_5': 'm', 'nspname_1': 'pg_catalog'}
2026-01-31 18:11:02,554 - sqlalchemy.engine.Engine - INFO - SELECT pg_catalog.pg_class.relname 
FROM pg_catalog.pg_class JOIN pg_catalog.pg_namespace ON pg_catalog.pg_namespace.oid = pg_catalog.pg_class.relnamespace 
WHERE pg_catalog.pg_class.relname = %(table_name)s AND pg_catalog.pg_class.relkind = ANY (ARRAY[%(param_1)s, %(param_2)s, %(param_3)s, %(param_4)s, %(param_5)s]) AND pg_catalog.pg_table_is_visible(pg_catalog.pg_class.oid) AND pg_catalog.pg_namespace.nspname != %(nspname_1)s
2026-01-31 18:11:02,554 - sqlalchemy.engine.Engine - INFO - [cached since 0.4278s ago] {'table_name': 'users', 'param_1': 'r', 'param_2': 'p', 'param_3': 'f', 'param_4': 'v', 'param_5': 'm', 'nspname_1': 'pg_catalog'}
2026-01-31 18:11:02,768 - sqlalchemy.engine.Engine - INFO - COMMIT
